# JRE version: Java(TM) SE Runtime Environment (8.0_131-b11) (build 1.8.0_131-b11)
# Java VM: Java HotSpot(TM) 64-Bit Server VM (25.131-b11 mixed mode linux-amd64 compressed oops)
Heap:
 PSYoungGen      total 29184K, used 8K [0x00000000fd580000, 0x00000000ff300000, 0x0000000100000000)
  eden space 28672K, 0% used [0x00000000fd580000,0x00000000fd582098,0x00000000ff180000)
  from space 512K, 0% used [0x00000000ff280000,0x00000000ff280000,0x00000000ff300000)
  to   space 512K, 0% used [0x00000000ff200000,0x00000000ff200000,0x00000000ff280000)
 ParOldGen       total 87552K, used 9586K [0x00000000f8000000, 0x00000000fd580000, 0x00000000fd580000)
  object space 87552K, 10% used [0x00000000f8000000,0x00000000f895cb08,0x00000000fd580000)
 Metaspace       used 18273K, capacity 18540K, committed 18944K, reserved 1067008K
  class space    used 1843K, capacity 1922K, committed 2048K, reserved 1048576K
GC Heap History (10 events):
Event: 12438,242 GC heap before
{Heap before GC invocations=17237 (full 1268):
 PSYoungGen      total 29184K, used 178K [0x00000000fd580000, 0x00000000ff300000, 0x0000000100000000)
  eden space 28672K, 0% used [0x00000000fd580000,0x00000000fd580000,0x00000000ff180000)
  from space 512K, 34% used [0x00000000ff280000,0x00000000ff2acaf0,0x00000000ff300000)
  to   space 512K, 0% used [0x00000000ff200000,0x00000000ff200000,0x00000000ff280000)
 ParOldGen       total 87552K, used 9586K [0x00000000f8000000, 0x00000000fd580000, 0x00000000fd580000)
  object space 87552K, 10% used [0x00000000f8000000,0x00000000f895cab8,0x00000000fd580000)
 Metaspace       used 18273K, capacity 18540K, committed 18944K, reserved 1067008K
  class space    used 1843K, capacity 1922K, committed 2048K, reserved 1048576K
Event: 12438,262 GC heap after
Heap after GC invocations=17237 (full 1268):
 PSYoungGen      total 29184K, used 0K [0x00000000fd580000, 0x00000000ff300000, 0x0000000100000000)
  eden space 28672K, 0% used [0x00000000fd580000,0x00000000fd580000,0x00000000ff180000)
  from space 512K, 0% used [0x00000000ff280000,0x00000000ff280000,0x00000000ff300000)
  to   space 512K, 0% used [0x00000000ff200000,0x00000000ff200000,0x00000000ff280000)
 ParOldGen       total 87552K, used 9552K [0x00000000f8000000, 0x00000000fd580000, 0x00000000fd580000)
  object space 87552K, 10% used [0x00000000f8000000,0x00000000f8954290,0x00000000fd580000)
 Metaspace       used 18273K, capacity 18540K, committed 18944K, reserved 1067008K
  class space    used 1843K, capacity 1922K, committed 2048K, reserved 1048576K
}
Event: 12448,263 GC heap before
{Heap before GC invocations=17238 (full 1268):
 PSYoungGen      total 29184K, used 145K [0x00000000fd580000, 0x00000000ff300000, 0x0000000100000000)
  eden space 28672K, 0% used [0x00000000fd580000,0x00000000fd5a47a0,0x00000000ff180000)
  from space 512K, 0% used [0x00000000ff280000,0x00000000ff280000,0x00000000ff300000)
  to   space 512K, 0% used [0x00000000ff200000,0x00000000ff200000,0x00000000ff280000)
 ParOldGen       total 87552K, used 9552K [0x00000000f8000000, 0x00000000fd580000, 0x00000000fd580000)
  object space 87552K, 10% used [0x00000000f8000000,0x00000000f8954290,0x00000000fd580000)
 Metaspace       used 18273K, capacity 18540K, committed 18944K, reserved 1067008K
  class space    used 1843K, capacity 1922K, committed 2048K, reserved 1048576K
Event: 12448,266 GC heap after
Heap after GC invocations=17238 (full 1268):
 PSYoungGen      total 29184K, used 178K [0x00000000fd580000, 0x00000000ff300000, 0x0000000100000000)
  eden space 28672K, 0% used [0x00000000fd580000,0x00000000fd580000,0x00000000ff180000)
  from space 512K, 34% used [0x00000000ff200000,0x00000000ff22caf0,0x00000000ff280000)
  to   space 512K, 0% used [0x00000000ff280000,0x00000000ff280000,0x00000000ff300000)
 ParOldGen       total 87552K, used 9552K [0x00000000f8000000, 0x00000000fd580000, 0x00000000fd580000)
  object space 87552K, 10% used [0x00000000f8000000,0x00000000f8954290,0x00000000fd580000)
 Metaspace       used 18273K, capacity 18540K, committed 18944K, reserved 1067008K
  class space    used 1843K, capacity 1922K, committed 2048K, reserved 1048576K
}
Event: 12448,266 GC heap before
{Heap before GC invocations=17239 (full 1269):
 PSYoungGen      total 29184K, used 178K [0x00000000fd580000, 0x00000000ff300000, 0x0000000100000000)
  eden space 28672K, 0% used [0x00000000fd580000,0x00000000fd580000,0x00000000ff180000)
  from space 512K, 34% used [0x00000000ff200000,0x00000000ff22caf0,0x00000000ff280000)
  to   space 512K, 0% used [0x00000000ff280000,0x00000000ff280000,0x00000000ff300000)
 ParOldGen       total 87552K, used 9552K [0x00000000f8000000, 0x00000000fd580000, 0x00000000fd580000)
  object space 87552K, 10% used [0x00000000f8000000,0x00000000f8954290,0x00000000fd580000)
 Metaspace       used 18273K, capacity 18540K, committed 18944K, reserved 1067008K
  class space    used 1843K, capacity 1922K, committed 2048K, reserved 1048576K
Event: 12448,288 GC heap after
Heap after GC invocations=17239 (full 1269):
 PSYoungGen      total 29184K, used 0K [0x00000000fd580000, 0x00000000ff300000, 0x0000000100000000)
  eden space 28672K, 0% used [0x00000000fd580000,0x00000000fd580000,0x00000000ff180000)
  from space 512K, 0% used [0x00000000ff200000,0x00000000ff200000,0x00000000ff280000)
  to   space 512K, 0% used [0x00000000ff280000,0x00000000ff280000,0x00000000ff300000)
 ParOldGen       total 87552K, used 9552K [0x00000000f8000000, 0x00000000fd580000, 0x00000000fd580000)
  object space 87552K, 10% used [0x00000000f8000000,0x00000000f8954290,0x00000000fd580000)
 Metaspace       used 18273K, capacity 18540K, committed 18944K, reserved 1067008K
  class space    used 1843K, capacity 1922K, committed 2048K, reserved 1048576K
}
Event: 12458,289 GC heap before
{Heap before GC invocations=17240 (full 1269):
 PSYoungGen      total 29184K, used 184K [0x00000000fd580000, 0x00000000ff300000, 0x0000000100000000)
  eden space 28672K, 0% used [0x00000000fd580000,0x00000000fd5ae0c0,0x00000000ff180000)
  from space 512K, 0% used [0x00000000ff200000,0x00000000ff200000,0x00000000ff280000)
  to   space 512K, 0% used [0x00000000ff280000,0x00000000ff280000,0x00000000ff300000)
 ParOldGen       total 87552K, used 9552K [0x00000000f8000000, 0x00000000fd580000, 0x00000000fd580000)
  object space 87552K, 10% used [0x00000000f8000000,0x00000000f8954290,0x00000000fd580000)
 Metaspace       used 18273K, capacity 18540K, committed 18944K, reserved 1067008K
  class space    used 1843K, capacity 1922K, committed 2048K, reserved 1048576K
Event: 12458,292 GC heap after
Heap after GC invocations=17240 (full 1269):
 PSYoungGen      total 29184K, used 275K [0x00000000fd580000, 0x00000000ff300000, 0x0000000100000000)
  eden space 28672K, 0% used [0x00000000fd580000,0x00000000fd580000,0x00000000ff180000)
  from space 512K, 53% used [0x00000000ff280000,0x00000000ff2c4f50,0x00000000ff300000)
  to   space 512K, 0% used [0x00000000ff200000,0x00000000ff200000,0x00000000ff280000)
 ParOldGen       total 87552K, used 9552K [0x00000000f8000000, 0x00000000fd580000, 0x00000000fd580000)
  object space 87552K, 10% used [0x00000000f8000000,0x00000000f8954290,0x00000000fd580000)
 Metaspace       used 18273K, capacity 18540K, committed 18944K, reserved 1067008K
  class space    used 1843K, capacity 1922K, committed 2048K, reserved 1048576K
}
Event: 12458,292 GC heap before
{Heap before GC invocations=17241 (full 1270):
 PSYoungGen      total 29184K, used 275K [0x00000000fd580000, 0x00000000ff300000, 0x0000000100000000)
  eden space 28672K, 0% used [0x00000000fd580000,0x00000000fd580000,0x00000000ff180000)
  from space 512K, 53% used [0x00000000ff280000,0x00000000ff2c4f50,0x00000000ff300000)
  to   space 512K, 0% used [0x00000000ff200000,0x00000000ff200000,0x00000000ff280000)
 ParOldGen       total 87552K, used 9552K [0x00000000f8000000, 0x00000000fd580000, 0x00000000fd580000)
  object space 87552K, 10% used [0x00000000f8000000,0x00000000f8954290,0x00000000fd580000)
 Metaspace       used 18273K, capacity 18540K, committed 18944K, reserved 1067008K
  class space    used 1843K, capacity 1922K, committed 2048K, reserved 1048576K
Event: 12458,313 GC heap after
Heap after GC invocations=17241 (full 1270):
 PSYoungGen      total 29184K, used 0K [0x00000000fd580000, 0x00000000ff300000, 0x0000000100000000)
  eden space 28672K, 0% used [0x00000000fd580000,0x00000000fd580000,0x00000000ff180000)
  from space 512K, 0% used [0x00000000ff280000,0x00000000ff280000,0x00000000ff300000)
  to   space 512K, 0% used [0x00000000ff200000,0x00000000ff200000,0x00000000ff280000)
 ParOldGen       total 87552K, used 9586K [0x00000000f8000000, 0x00000000fd580000, 0x00000000fd580000)
  object space 87552K, 10% used [0x00000000f8000000,0x00000000f895cb08,0x00000000fd580000)
 Metaspace       used 18273K, capacity 18540K, committed 18944K, reserved 1067008K
  class space    used 1843K, capacity 1922K, committed 2048K, reserved 1048576K
}

